<?xml version="1.0" encoding="UTF-8"?>
<robot generator="Robot 3.2.2 (Python 3.9.0 on win32)" generated="20210214 20:04:11.209" rpa="false">
<suite id="s1" name="BasicSearch" source="F:\ProgramLanguage\Python\robot-latihan\RobotFWTutorial\tests\ebay\BasicSearch.robot">
<test id="s1-t1" name="Verify basic search functionality for ebay">
<kw name="Open Browser" library="SeleniumLibrary">
<doc>Opens a new browser instance to the optional ``url``.</doc>
<arguments>
<arg>${LOGIN URL}</arg>
<arg>${BROWSER}</arg>
</arguments>
<msg timestamp="20210214 20:04:12.022" level="INFO">Opening browser 'chrome' to base url 'https://www.ebay.com/'.</msg>
<status status="PASS" starttime="20210214 20:04:12.022" endtime="20210214 20:04:15.679"></status>
</kw>
<kw name="Maximize Browser Window" library="SeleniumLibrary">
<doc>Maximizes current browser window.</doc>
<status status="PASS" starttime="20210214 20:04:15.680" endtime="20210214 20:04:15.791"></status>
</kw>
<kw name="Input Text" library="SeleniumLibrary">
<doc>Types the given ``text`` into the text field identified by ``locator``.</doc>
<arguments>
<arg>//*[@id="gh-ac"]</arg>
<arg>mobile</arg>
</arguments>
<msg timestamp="20210214 20:04:15.792" level="INFO">Typing text 'mobile' into text field '//*[@id="gh-ac"]'.</msg>
<status status="PASS" starttime="20210214 20:04:15.791" endtime="20210214 20:04:15.922"></status>
</kw>
<kw name="Click Element" library="SeleniumLibrary">
<doc>Click the element identified by ``locator``.</doc>
<arguments>
<arg>//*[@id="gh-btn"]</arg>
</arguments>
<msg timestamp="20210214 20:04:15.923" level="INFO">Clicking element '//*[@id="gh-btn"]'.</msg>
<status status="PASS" starttime="20210214 20:04:15.922" endtime="20210214 20:04:17.712"></status>
</kw>
<kw name="Page Should Contain" library="SeleniumLibrary">
<doc>Verifies that current page contains ``text``.</doc>
<arguments>
<arg>results for mobile</arg>
</arguments>
<msg timestamp="20210214 20:04:17.734" level="INFO">Current page contains text 'results for mobile'.</msg>
<status status="PASS" starttime="20210214 20:04:17.712" endtime="20210214 20:04:17.734"></status>
</kw>
<kw name="Close Browser" library="SeleniumLibrary">
<doc>Closes the current browser.</doc>
<status status="PASS" starttime="20210214 20:04:17.735" endtime="20210214 20:04:19.909"></status>
</kw>
<doc>This test case verifies the basic search</doc>
<tags>
<tag>Functional</tag>
</tags>
<status status="PASS" starttime="20210214 20:04:12.021" endtime="20210214 20:04:19.909" critical="yes"></status>
</test>
<doc>Basic Search Functionality</doc>
<status status="PASS" starttime="20210214 20:04:11.211" endtime="20210214 20:04:19.911"></status>
</suite>
<statistics>
<total>
<stat pass="1" fail="0">Critical Tests</stat>
<stat pass="1" fail="0">All Tests</stat>
</total>
<tag>
<stat pass="1" fail="0">Functional</stat>
</tag>
<suite>
<stat pass="1" fail="0" id="s1" name="BasicSearch">BasicSearch</stat>
</suite>
</statistics>
<errors>
</errors>
</robot>
